make all --print-data-base --no-builtin-variables --no-builtin-rules --question
# GNU Make 3.81
# Copyright (C) 2006  Free Software Foundation, Inc.
# This is free software; see the source for copying conditions.
# There is NO warranty; not even for MERCHANTABILITY or FITNESS FOR A
# PARTICULAR PURPOSE.

# This program built for i386-apple-darwin11.3.0

# Make data base, printed on Sat Aug 27 20:00:26 2022

# Variables

# automatic
<D = $(patsubst %/,%,$(dir $<))
# automatic
?F = $(notdir $?)
# automatic
?D = $(patsubst %/,%,$(dir $?))
# automatic
@D = $(patsubst %/,%,$(dir $@))
# automatic
@F = $(notdir $@)
# makefile
CURDIR := /Users/sangkkim/42Seoul/42cursus/philosophers/philo
# makefile
SHELL = /bin/sh
# environment
VSCODE_NLS_CONFIG = {"locale":"ko","availableLanguages":{"*":"ko"},"_languagePackId":"d4733d4bd5138ffb2c9d12a76b2e9102.ko","_translationsConfigFile":"/Users/sangkkim/Library/Application Support/Code/clp/d4733d4bd5138ffb2c9d12a76b2e9102.ko/tcf.json","_cacheRoot":"/Users/sangkkim/Library/Application Support/Code/clp/d4733d4bd5138ffb2c9d12a76b2e9102.ko","_resolvedLanguagePackCoreLocation":"/Users/sangkkim/Library/Application Support/Code/clp/d4733d4bd5138ffb2c9d12a76b2e9102.ko/6d9b74a70ca9c7733b29f0456fd8195364076dda","_corruptedFile":"/Users/sangkkim/Library/Application Support/Code/clp/d4733d4bd5138ffb2c9d12a76b2e9102.ko/corrupted.info","_languagePackSupport":true}
# environment
_ = /usr/bin/make
# makefile (from `Makefile', line 19)
CFLAGS = -Wall -Wextra -Werror
# makefile (from `Makefile', line 1)
MAKEFILE_LIST :=  Makefile
# environment
__CFBundleIdentifier = com.microsoft.VSCode
# makefile (from `Makefile', line 16)
INCS = philo.h
# environment
VSCODE_CWD = /
# environment
PATH = /opt/homebrew/bin:/Library/Frameworks/Python.framework/Versions/3.10/bin:/usr/local/bin:/usr/bin:/bin:/usr/sbin:/sbin:/usr/local/go/bin:/Library/Apple/usr/bin://Users/sangkkim/Library/Python/3.8/bin
# environment
ELECTRON_RUN_AS_NODE = 1
# default
.FEATURES := target-specific order-only second-expansion else-if archives jobserver check-symlink
# environment
SSH_AUTH_SOCK = /private/tmp/com.apple.launchd.TD0wYSQowB/Listeners
# automatic
%F = $(notdir $%)
# environment
PWD = /Users/sangkkim/42Seoul/42cursus/philosophers/philo
# environment
ORIGINAL_XDG_CURRENT_DESKTOP = undefined
# environment
VSCODE_AMD_ENTRYPOINT = vs/workbench/api/node/extensionHostProcess
# environment
HOME = /Users/sangkkim
# default
MAKEFILEPATH = $(shell /usr/bin/xcode-select -print-path 2>/dev/null || echo /Developer)/Makefiles
# environment
VSCODE_CODE_CACHE_PATH = /Users/sangkkim/Library/Application Support/Code/CachedData/6d9b74a70ca9c7733b29f0456fd8195364076dda
# environment
LOGNAME = sangkkim
# environment
APPLICATION_INSIGHTS_NO_DIAGNOSTIC_CHANNEL = 1
# environment
VSCODE_HANDLES_UNCAUGHT_ERRORS = true
# automatic
^D = $(patsubst %/,%,$(dir $^))
# environment
XPC_FLAGS = 0x0
# default
MAKE = $(MAKE_COMMAND)
# default
MAKECMDGOALS := all
# makefile (from `Makefile', line 14)
SRCS = main.c init_simulation.c observer_main.c utils.c philo_main.c philo_echo.c philo_wait.c
# environment
SHLVL = 1
# makefile (from `Makefile', line 18)
CC = cc
# default
MAKE_VERSION := 3.81
# environment
USER = sangkkim
# makefile
.DEFAULT_GOAL := philo
# makefile (from `Makefile', line 13)
NAME = philo
# automatic
%D = $(patsubst %/,%,$(dir $%))
# default
MAKE_COMMAND := /Library/Developer/CommandLineTools/usr/bin/make
# default
.VARIABLES := 
# environment
TMPDIR = /var/folders/xd/y21wv_9d2p92161kvwy2mkh80000gn/T/
# automatic
*F = $(notdir $*)
# environment
VSCODE_IPC_HOOK = /Users/sangkkim/Library/Application Support/Code/1.70.1-main.sock
# environment
MallocNanoZone = 0
# makefile
MAKEFLAGS = Rrqp
# environment
MFLAGS = -Rrqp
# automatic
*D = $(patsubst %/,%,$(dir $*))
# environment
MAIL = sangkkim@student.42seoul.kr
# environment
XPC_SERVICE_NAME = application.com.microsoft.VSCode.17187179.17187187
# automatic
+D = $(patsubst %/,%,$(dir $+))
# automatic
+F = $(notdir $+)
# environment
__CF_USER_TEXT_ENCODING = 0x1F5:0x3:0x33
# environment
COMMAND_MODE = unix2003
# default
MAKEFILES := 
# automatic
<F = $(notdir $<)
# environment
LC_ALL = C
# automatic
^F = $(notdir $^)
# default
SUFFIXES := 
# default
.INCLUDE_DIRS = /usr/local/include
# environment
MAKELEVEL := 0
# environment
LANG = C
# environment
VSCODE_PID = 71055
# variable set hash-table stats:
# Load=64/1024=6%, Rehash=0, Collisions=1/98=1%

# Pattern-specific Variable Values

# No pattern-specific variable values.

# Directories

# . (device 16777234, inode 16846512): 13 files, no impossibilities.

# 13 files, no impossibilities in 1 directories.

# Implicit Rules

# No implicit rules.

# Files

all: philo
#  Phony target (prerequisite of .PHONY).
#  Command-line target.
#  Implicit rule search has not been done.
#  File does not exist.
#  File has been updated.
#  Needs to be updated (-q is set).
# variable set hash-table stats:
# Load=0/32=0%, Rehash=0, Collisions=0/6=0%

philo: main.c init_simulation.c observer_main.c utils.c philo_main.c philo_echo.c philo_wait.c philo.h
#  Implicit rule search has not been done.
#  Implicit/static pattern stem: `'
#  Last modified 2022-08-27 16:07:14
#  File has been updated.
#  Needs to be updated (-q is set).
# automatic
# @ := philo
# automatic
# % := 
# automatic
# * := 
# automatic
# + := main.c init_simulation.c observer_main.c utils.c philo_main.c philo_echo.c philo_wait.c philo.h
# automatic
# | := 
# automatic
# < := main.c
# automatic
# ^ := main.c init_simulation.c observer_main.c utils.c philo_main.c philo_echo.c philo_wait.c philo.h
# automatic
# ? := main.c init_simulation.c utils.c
# variable set hash-table stats:
# Load=8/32=25%, Rehash=0, Collisions=1/14=7%
#  commands to execute (from `Makefile', line 22):
	$(CC) $(CFLAGS) -o $(NAME) $(SRCS)
	

# Not a target:
utils.c:
#  Implicit rule search has been done.
#  Last modified 2022-08-27 17:59:16
#  File has been updated.
#  Successfully updated.
# variable set hash-table stats:
# Load=0/32=0%, Rehash=0, Collisions=0/0=0%

.PHONY: all clean fclean re
#  Implicit rule search has not been done.
#  Modification time never checked.
#  File has not been updated.

# Not a target:
main.c:
#  Implicit rule search has been done.
#  Last modified 2022-08-27 16:07:47
#  File has been updated.
#  Successfully updated.
# variable set hash-table stats:
# Load=0/32=0%, Rehash=0, Collisions=0/0=0%

# Not a target:
.SUFFIXES:
#  Implicit rule search has not been done.
#  Modification time never checked.
#  File has not been updated.

# Not a target:
Makefile:
#  Implicit rule search has been done.
#  Last modified 2022-08-27 16:26:25
#  File has been updated.
#  Successfully updated.
# variable set hash-table stats:
# Load=0/32=0%, Rehash=0, Collisions=0/0=0%

# Not a target:
init_simulation.c:
#  Implicit rule search has been done.
#  Last modified 2022-08-27 16:26:10
#  File has been updated.
#  Successfully updated.
# variable set hash-table stats:
# Load=0/32=0%, Rehash=0, Collisions=0/0=0%

fclean: clean
#  Phony target (prerequisite of .PHONY).
#  Implicit rule search has not been done.
#  File does not exist.
#  File has not been updated.
#  commands to execute (from `Makefile', line 31):
	rm -f $(NAME)
	

# Not a target:
observer_main.c:
#  Implicit rule search has been done.
#  Last modified 2022-08-27 13:56:23
#  File has been updated.
#  Successfully updated.
# variable set hash-table stats:
# Load=0/32=0%, Rehash=0, Collisions=0/0=0%

# Not a target:
.DEFAULT:
#  Implicit rule search has not been done.
#  Modification time never checked.
#  File has not been updated.

# Not a target:
philo.h:
#  Implicit rule search has been done.
#  Last modified 2022-08-26 15:47:31
#  File has been updated.
#  Successfully updated.
# variable set hash-table stats:
# Load=0/32=0%, Rehash=0, Collisions=0/0=0%

re: fclean all
#  Phony target (prerequisite of .PHONY).
#  Implicit rule search has not been done.
#  File does not exist.
#  File has not been updated.

clean:
#  Phony target (prerequisite of .PHONY).
#  Implicit rule search has not been done.
#  File does not exist.
#  File has not been updated.

# Not a target:
philo_wait.c:
#  Implicit rule search has been done.
#  Last modified 2022-08-27 14:15:25
 
#  File has been updated.
#  Successfully updated.
# variable set hash-table stats:
# Load=0/32=0%, Rehash=0, Collisions=0/0=0%

# Not a target:
philo_main.c:
#  Implicit rule search has been done.
#  Last modified 2022-08-27 14:05:51
#  File has been updated.
#  Successfully updated.
# variable set hash-table stats:
# Load=0/32=0%, Rehash=0, Collisions=0/0=0%

# Not a target:
philo_echo.c:
#  Implicit rule search has been done.
#  Last modified 2022-08-26 15:32:53
#  File has been updated.
#  Successfully updated.
# variable set hash-table stats:
# Load=0/32=0%, Rehash=0, Collisions=0/0=0%

# files hash-table stats:
# Load=17/1024=2%, Rehash=0, Collisions=2/47=4%
# VPATH Search Paths

# No `vpath' search paths.

# No general (`VPATH' variable) search path.

# # of strings in strcache: 1
# # of strcache buffers: 1
# strcache size: total = 4096 / max = 4096 / min = 4096 / avg = 4096
# strcache free: total = 4087 / max = 4087 / min = 4087 / avg = 4087

# Finished Make data base on Sat Aug 27 20:00:26 2022

 
